# JRE version: Java(TM) SE Runtime Environment (11.0.2+7) (build 11.0.2+7-LTS)
# Java VM: Java HotSpot(TM) 64-Bit Server VM (11.0.2+7-LTS, mixed mode, tiered, compressed oops, g1 gc, windows-amd64)
Heap:
 garbage-first heap   total 187392K, used 113032K [0x0000000082000000, 0x0000000100000000)
  region size 1024K, 80 young (81920K), 8 survivors (8192K)
 Metaspace       used 80434K, capacity 82855K, committed 83068K, reserved 1122304K
  class space    used 10009K, capacity 10973K, committed 11008K, reserved 1048576K
GC Heap History (10 events):
Event: 4.285 GC heap before
{Heap before GC invocations=9 (full 0):
 garbage-first heap   total 155648K, used 103219K [0x0000000082000000, 0x0000000100000000)
  region size 1024K, 89 young (91136K), 8 survivors (8192K)
 Metaspace       used 49020K, capacity 50390K, committed 50480K, reserved 1093632K
  class space    used 5906K, capacity 6458K, committed 6528K, reserved 1048576K
}
Event: 4.298 GC heap after
{Heap after GC invocations=10 (full 0):
 garbage-first heap   total 155648K, used 23116K [0x0000000082000000, 0x0000000100000000)
  region size 1024K, 8 young (8192K), 8 survivors (8192K)
 Metaspace       used 49020K, capacity 50390K, committed 50480K, reserved 1093632K
  class space    used 5906K, capacity 6458K, committed 6528K, reserved 1048576K
}
Event: 5.222 GC heap before
{Heap before GC invocations=10 (full 0):
 garbage-first heap   total 155648K, used 104012K [0x0000000082000000, 0x0000000100000000)
  region size 1024K, 88 young (90112K), 8 survivors (8192K)
 Metaspace       used 58252K, capacity 59923K, committed 60028K, reserved 1101824K
  class space    used 6973K, capacity 7620K, committed 7680K, reserved 1048576K
}
Event: 5.243 GC heap after
{Heap after GC invocations=11 (full 0):
 garbage-first heap   total 187392K, used 29048K [0x0000000082000000, 0x0000000100000000)
  region size 1024K, 11 young (11264K), 11 survivors (11264K)
 Metaspace       used 58252K, capacity 59923K, committed 60028K, reserved 1101824K
  class space    used 6973K, capacity 7620K, committed 7680K, reserved 1048576K
}
Event: 5.962 GC heap before
{Heap before GC invocations=12 (full 0):
 garbage-first heap   total 187392K, used 121208K [0x0000000082000000, 0x0000000100000000)
  region size 1024K, 101 young (103424K), 11 survivors (11264K)
 Metaspace       used 60890K, capacity 62657K, committed 62716K, reserved 1103872K
  class space    used 7311K, capacity 8015K, committed 8064K, reserved 1048576K
}
Event: 5.979 GC heap after
{Heap after GC invocations=13 (full 0):
 garbage-first heap   total 187392K, used 34344K [0x0000000082000000, 0x0000000100000000)
  region size 1024K, 11 young (11264K), 11 survivors (11264K)
 Metaspace       used 60890K, capacity 62657K, committed 62716K, reserved 1103872K
  class space    used 7311K, capacity 8015K, committed 8064K, reserved 1048576K
}
Event: 6.775 GC heap before
{Heap before GC invocations=13 (full 0):
 garbage-first heap   total 187392K, used 128552K [0x0000000082000000, 0x0000000100000000)
  region size 1024K, 104 young (106496K), 11 survivors (11264K)
 Metaspace       used 68457K, capacity 70498K, committed 70780K, reserved 1112064K
  class space    used 8315K, capacity 9157K, committed 9216K, reserved 1048576K
}
Event: 6.784 GC heap after
{Heap after GC invocations=14 (full 0):
 garbage-first heap   total 187392K, used 39533K [0x0000000082000000, 0x0000000100000000)
  region size 1024K, 11 young (11264K), 11 survivors (11264K)
 Metaspace       used 68457K, capacity 70498K, committed 70780K, reserved 1112064K
  class space    used 8315K, capacity 9157K, committed 9216K, reserved 1048576K
}
Event: 7.664 GC heap before
{Heap before GC invocations=14 (full 0):
 garbage-first heap   total 187392K, used 136813K [0x0000000082000000, 0x0000000100000000)
  region size 1024K, 106 young (108544K), 11 survivors (11264K)
 Metaspace       used 73519K, capacity 75680K, committed 75900K, reserved 1116160K
  class space    used 9025K, capacity 9898K, committed 9984K, reserved 1048576K
}
Event: 7.673 GC heap after
{Heap after GC invocations=15 (full 0):
 garbage-first heap   total 187392K, used 40328K [0x0000000082000000, 0x0000000100000000)
  region size 1024K, 8 young (8192K), 8 survivors (8192K)
 Metaspace       used 73519K, capacity 75680K, committed 75900K, reserved 1116160K
  class space    used 9025K, capacity 9898K, committed 9984K, reserved 1048576K
}

